[INFO] Scanning for projects...
[INFO] 
[INFO] --------------------< com.example:email-sender-app >--------------------
[INFO] Building email-sender-app 1.0.0
[INFO] --------------------------------[ jar ]---------------------------------
[INFO] 
[INFO] >>> spring-boot-maven-plugin:3.2.0:run (default-cli) > test-compile @ email-sender-app >>>
[INFO] 
[INFO] --- maven-resources-plugin:3.3.1:resources (default-resources) @ email-sender-app ---
[INFO] Copying 1 resource from src/main/resources to target/classes
[INFO] Copying 1 resource from src/main/resources to target/classes
[INFO] 
[INFO] --- maven-compiler-plugin:3.11.0:compile (default-compile) @ email-sender-app ---
[INFO] Nothing to compile - all classes are up to date
[INFO] 
[INFO] --- maven-resources-plugin:3.3.1:testResources (default-testResources) @ email-sender-app ---
[INFO] skip non existing resourceDirectory /Users/rbastide/tmp/email-sender-app/src/test/resources
[INFO] 
[INFO] --- maven-compiler-plugin:3.11.0:testCompile (default-testCompile) @ email-sender-app ---
[INFO] No sources to compile
[INFO] 
[INFO] <<< spring-boot-maven-plugin:3.2.0:run (default-cli) < test-compile @ email-sender-app <<<
[INFO] 
[INFO] 
[INFO] --- spring-boot-maven-plugin:3.2.0:run (default-cli) @ email-sender-app ---
[INFO] Attaching agents: []

  .   ____          _            __ _ _
 /\\ / ___'_ __ _ _(_)_ __  __ _ \ \ \ \
( ( )\___ | '_ | '_| | '_ \/ _` | \ \ \ \
 \\/  ___)| |_)| | | | | || (_| |  ) ) ) )
  '  |____| .__|_| |_|_| |_\__, | / / / /
 =========|_|==============|___/=/_/_/_/
 :: Spring Boot ::                (v3.2.0)

2026-02-10T20:10:42.152+01:00  INFO 60023 --- [           main] c.e.emailsender.EmailSenderApplication   : Starting EmailSenderApplication using Java 21.0.9 with PID 60023 (/Users/rbastide/tmp/email-sender-app/target/classes started by rbastide in /Users/rbastide/tmp/email-sender-app)
2026-02-10T20:10:42.154+01:00  INFO 60023 --- [           main] c.e.emailsender.EmailSenderApplication   : No active profile set, falling back to 1 default profile: "default"
2026-02-10T20:10:42.880+01:00  INFO 60023 --- [           main] o.s.b.w.embedded.tomcat.TomcatWebServer  : Tomcat initialized with port 8080 (http)
2026-02-10T20:10:42.890+01:00  INFO 60023 --- [           main] o.apache.catalina.core.StandardService   : Starting service [Tomcat]
2026-02-10T20:10:42.891+01:00  INFO 60023 --- [           main] o.apache.catalina.core.StandardEngine    : Starting Servlet engine: [Apache Tomcat/10.1.16]
2026-02-10T20:10:42.960+01:00  INFO 60023 --- [           main] o.a.c.c.C.[Tomcat].[localhost].[/]       : Initializing Spring embedded WebApplicationContext
2026-02-10T20:10:42.961+01:00  INFO 60023 --- [           main] w.s.c.ServletWebServerApplicationContext : Root WebApplicationContext: initialization completed in 771 ms
2026-02-10T20:10:43.053+01:00  INFO 60023 --- [           main] o.s.b.a.w.s.WelcomePageHandlerMapping    : Adding welcome page: class path resource [static/index.html]
2026-02-10T20:10:43.280+01:00  INFO 60023 --- [           main] o.s.b.w.embedded.tomcat.TomcatWebServer  : Tomcat started on port 8080 (http) with context path ''
2026-02-10T20:10:43.285+01:00  INFO 60023 --- [           main] c.e.emailsender.EmailSenderApplication   : Started EmailSenderApplication in 1.449 seconds (process running for 1.716)
2026-02-10T20:10:44.402+01:00  INFO 60023 --- [nio-8080-exec-1] o.a.c.c.C.[Tomcat].[localhost].[/]       : Initializing Spring DispatcherServlet 'dispatcherServlet'
2026-02-10T20:10:44.403+01:00  INFO 60023 --- [nio-8080-exec-1] o.s.web.servlet.DispatcherServlet        : Initializing Servlet 'dispatcherServlet'
2026-02-10T20:10:44.404+01:00  INFO 60023 --- [nio-8080-exec-1] o.s.web.servlet.DispatcherServlet        : Completed initialization in 1 ms
